0 info it worked if it ends with ok
1 verbose cli [ 'C:\\nodejs\\node.exe',
1 verbose cli   'C:\\nodejs\\node_modules\\npm\\bin\\npm-cli.js',
1 verbose cli   'start' ]
2 info using npm@3.10.10
3 info using node@v6.10.3
4 verbose run-script [ 'prestart', 'start', 'poststart' ]
5 info lifecycle juanMur@1.0.0~prestart: juanMur@1.0.0
6 silly lifecycle juanMur@1.0.0~prestart: no script for prestart, continuing
7 info lifecycle juanMur@1.0.0~start: juanMur@1.0.0
8 verbose lifecycle juanMur@1.0.0~start: unsafe-perm in lifecycle true
9 verbose lifecycle juanMur@1.0.0~start: PATH: C:\node\nvm\v6.10.3\node_modules\npm\bin\node-gyp-bin;C:\alex\juanmur\pryeva02\node_modules\.bin;C:\Program Files (x86)\Common Files\Oracle\Java\javapath;C:\Windows\system32;C:\Windows;C:\Windows\System32\Wbem;C:\Windows\System32\WindowsPowerShell\v1.0\;C:\Windows\System32\OpenSSH\;C:\Program Files\PuTTY\;C:\Program Files\Git\cmd;C:\HashiCorp\Vagrant\bin;C:\Program Files\dotnet\;C:\Program Files\Microsoft SQL Server\130\Tools\Binn\;C:\Python27\python.exe;C:\Users\A668193\.dnx\bin;C:\Program Files\Microsoft DNX\Dnvm\;C:\node\nvm;C:\nodejs;C:\Program Files (x86)\Windows Kits\8.1\Windows Performance Toolkit\;C:\Program Files\Intel\WiFi\bin\;C:\Program Files\Common Files\Intel\WirelessCommon\;C:\Program Files (x86)\Windows Live\Shared;C:\Program Files\MongoDB\Server\4.2\bin;C:\Users\A668193\.windows-build-tools\python27\;C:\Users\A668193\AppData\Local\Microsoft\WindowsApps;C:\Users\A668193\AppData\Local\Programs\Microsoft VS Code\bin;C:\Users\A668193\AppData\Roaming\npm;C:\node\nvm;C:\nodejs
10 verbose lifecycle juanMur@1.0.0~start: CWD: C:\alex\juanmur\pryeva02
11 silly lifecycle juanMur@1.0.0~start: Args: [ '/d /s /c', 'node Server.js' ]
12 silly lifecycle juanMur@1.0.0~start: Returned: code: 1  signal: null
13 info lifecycle juanMur@1.0.0~start: Failed to exec start script
14 verbose stack Error: juanMur@1.0.0 start: `node Server.js`
14 verbose stack Exit status 1
14 verbose stack     at EventEmitter.<anonymous> (C:\node\nvm\v6.10.3\node_modules\npm\lib\utils\lifecycle.js:255:16)
14 verbose stack     at emitTwo (events.js:106:13)
14 verbose stack     at EventEmitter.emit (events.js:191:7)
14 verbose stack     at ChildProcess.<anonymous> (C:\node\nvm\v6.10.3\node_modules\npm\lib\utils\spawn.js:40:14)
14 verbose stack     at emitTwo (events.js:106:13)
14 verbose stack     at ChildProcess.emit (events.js:191:7)
14 verbose stack     at maybeClose (internal/child_process.js:886:16)
14 verbose stack     at Process.ChildProcess._handle.onexit (internal/child_process.js:226:5)
15 verbose pkgid juanMur@1.0.0
16 verbose cwd C:\alex\juanmur\pryeva02
17 error Windows_NT 10.0.17763
18 error argv "C:\\nodejs\\node.exe" "C:\\nodejs\\node_modules\\npm\\bin\\npm-cli.js" "start"
19 error node v6.10.3
20 error npm  v3.10.10
21 error code ELIFECYCLE
22 error juanMur@1.0.0 start: `node Server.js`
22 error Exit status 1
23 error Failed at the juanMur@1.0.0 start script 'node Server.js'.
23 error Make sure you have the latest version of node.js and npm installed.
23 error If you do, this is most likely a problem with the juanMur package,
23 error not with npm itself.
23 error Tell the author that this fails on your system:
23 error     node Server.js
23 error You can get information on how to open an issue for this project with:
23 error     npm bugs juanMur
23 error Or if that isn't available, you can get their info via:
23 error     npm owner ls juanMur
23 error There is likely additional logging output above.
24 verbose exit [ 1, true ]
